0 info it worked if it ends with ok
1 verbose cli [ '/home/adelino/.nvm/versions/node/v6.17.1/bin/node',
1 verbose cli   '/home/adelino/.nvm/versions/node/v6.17.1/bin/npm',
1 verbose cli   'run',
1 verbose cli   'predeploy' ]
2 info using npm@3.10.10
3 info using node@v6.17.1
4 verbose run-script [ 'predeploy' ]
5 info lifecycle argent-bank@0.1.0~predeploy: argent-bank@0.1.0
6 verbose lifecycle argent-bank@0.1.0~predeploy: unsafe-perm in lifecycle true
7 verbose lifecycle argent-bank@0.1.0~predeploy: PATH: /home/adelino/.nvm/versions/node/v6.17.1/lib/node_modules/npm/bin/node-gyp-bin:/home/adelino/Programmation/Codamor/DeveloppeurFrontEnd/Argent-Bank/front-end/node_modules/.bin:/home/adelino/.nvm/versions/node/v6.17.1/bin:/home/adelino/bin:/usr/local/sbin:/usr/local/bin:/usr/sbin:/usr/bin:/sbin:/bin:/usr/games:/usr/local/games:/snap/bin:/snap/bin
8 verbose lifecycle argent-bank@0.1.0~predeploy: CWD: /home/adelino/Programmation/Codamor/DeveloppeurFrontEnd/Argent-Bank/front-end
9 silly lifecycle argent-bank@0.1.0~predeploy: Args: [ '-c', 'npm run build' ]
10 silly lifecycle argent-bank@0.1.0~predeploy: Returned: code: 1  signal: null
11 info lifecycle argent-bank@0.1.0~predeploy: Failed to exec predeploy script
12 verbose stack Error: argent-bank@0.1.0 predeploy: `npm run build`
12 verbose stack Exit status 1
12 verbose stack     at EventEmitter.<anonymous> (/home/adelino/.nvm/versions/node/v6.17.1/lib/node_modules/npm/lib/utils/lifecycle.js:255:16)
12 verbose stack     at emitTwo (events.js:106:13)
12 verbose stack     at EventEmitter.emit (events.js:191:7)
12 verbose stack     at ChildProcess.<anonymous> (/home/adelino/.nvm/versions/node/v6.17.1/lib/node_modules/npm/lib/utils/spawn.js:40:14)
12 verbose stack     at emitTwo (events.js:106:13)
12 verbose stack     at ChildProcess.emit (events.js:191:7)
12 verbose stack     at maybeClose (internal/child_process.js:920:16)
12 verbose stack     at Process.ChildProcess._handle.onexit (internal/child_process.js:230:5)
13 verbose pkgid argent-bank@0.1.0
14 verbose cwd /home/adelino/Programmation/Codamor/DeveloppeurFrontEnd/Argent-Bank/front-end
15 error Linux 5.15.0-56-generic
16 error argv "/home/adelino/.nvm/versions/node/v6.17.1/bin/node" "/home/adelino/.nvm/versions/node/v6.17.1/bin/npm" "run" "predeploy"
17 error node v6.17.1
18 error npm  v3.10.10
19 error code ELIFECYCLE
20 error argent-bank@0.1.0 predeploy: `npm run build`
20 error Exit status 1
21 error Failed at the argent-bank@0.1.0 predeploy script 'npm run build'.
21 error Make sure you have the latest version of node.js and npm installed.
21 error If you do, this is most likely a problem with the argent-bank package,
21 error not with npm itself.
21 error Tell the author that this fails on your system:
21 error     npm run build
21 error You can get information on how to open an issue for this project with:
21 error     npm bugs argent-bank
21 error Or if that isn't available, you can get their info via:
21 error     npm owner ls argent-bank
21 error There is likely additional logging output above.
22 verbose exit [ 1, true ]
